# JRE version: OpenJDK Runtime Environment (8.0_242-b01) (build 1.8.0_242-release-1644-b01)
# Java VM: OpenJDK 64-Bit Server VM (25.242-b01 mixed mode windows-amd64 compressed oops)
Heap:
 PSYoungGen      total 627712K, used 198687K [0x00000000d5580000, 0x0000000100000000, 0x0000000100000000)
  eden space 565248K, 35% used [0x00000000d5580000,0x00000000e1787e28,0x00000000f7d80000)
  from space 62464K, 0% used [0x00000000f7d80000,0x00000000f7d80000,0x00000000fba80000)
  to   space 71168K, 0% used [0x00000000fba80000,0x00000000fba80000,0x0000000100000000)
 ParOldGen       total 390656K, used 185807K [0x0000000080000000, 0x0000000097d80000, 0x00000000d5580000)
  object space 390656K, 47% used [0x0000000080000000,0x000000008b573c38,0x0000000097d80000)
 Metaspace       used 89085K, capacity 94416K, committed 95384K, reserved 1132544K
  class space    used 11599K, capacity 12528K, committed 12720K, reserved 1048576K
GC Heap History (10 events):
Event: 709.505 GC heap before
{Heap before GC invocations=34 (full 3):
 PSYoungGen      total 631808K, used 598966K [0x00000000d5580000, 0x0000000100000000, 0x0000000100000000)
  eden space 562176K, 100% used [0x00000000d5580000,0x00000000f7a80000,0x00000000f7a80000)
  from space 69632K, 52% used [0x00000000fbc00000,0x00000000fdfed920,0x0000000100000000)
  to   space 67072K, 0% used [0x00000000f7a80000,0x00000000f7a80000,0x00000000fbc00000)
 ParOldGen       total 156672K, used 133684K [0x0000000080000000, 0x0000000089900000, 0x00000000d5580000)
  object space 156672K, 85% used [0x0000000080000000,0x000000008828d108,0x0000000089900000)
 Metaspace       used 89188K, capacity 94986K, committed 95128K, reserved 1132544K
  class space    used 11690K, capacity 12707K, committed 12720K, reserved 1048576K
Event: 709.579 GC heap after
Heap after GC invocations=34 (full 3):
 PSYoungGen      total 599552K, used 37055K [0x00000000d5580000, 0x00000000ffa80000, 0x0000000100000000)
  eden space 562176K, 0% used [0x00000000d5580000,0x00000000d5580000,0x00000000f7a80000)
  from space 37376K, 99% used [0x00000000f7a80000,0x00000000f9eafdc0,0x00000000f9f00000)
  to   space 65536K, 0% used [0x00000000fba80000,0x00000000fba80000,0x00000000ffa80000)
 ParOldGen       total 156672K, used 134457K [0x0000000080000000, 0x0000000089900000, 0x00000000d5580000)
  object space 156672K, 85% used [0x0000000080000000,0x000000008834e400,0x0000000089900000)
 Metaspace       used 89188K, capacity 94986K, committed 95128K, reserved 1132544K
  class space    used 11690K, capacity 12707K, committed 12720K, reserved 1048576K
}
Event: 715.527 GC heap before
{Heap before GC invocations=35 (full 3):
 PSYoungGen      total 599552K, used 599231K [0x00000000d5580000, 0x00000000ffa80000, 0x0000000100000000)
  eden space 562176K, 100% used [0x00000000d5580000,0x00000000f7a80000,0x00000000f7a80000)
  from space 37376K, 99% used [0x00000000f7a80000,0x00000000f9eafdc0,0x00000000f9f00000)
  to   space 65536K, 0% used [0x00000000fba80000,0x00000000fba80000,0x00000000ffa80000)
 ParOldGen       total 156672K, used 134457K [0x0000000080000000, 0x0000000089900000, 0x00000000d5580000)
  object space 156672K, 85% used [0x0000000080000000,0x000000008834e400,0x0000000089900000)
 Metaspace       used 89200K, capacity 94990K, committed 95128K, reserved 1132544K
  class space    used 11691K, capacity 12707K, committed 12720K, reserved 1048576K
Event: 715.616 GC heap after
Heap after GC invocations=35 (full 3):
 PSYoungGen      total 630784K, used 34211K [0x00000000d5580000, 0x0000000100000000, 0x0000000100000000)
  eden space 565248K, 0% used [0x00000000d5580000,0x00000000d5580000,0x00000000f7d80000)
  from space 65536K, 52% used [0x00000000fba80000,0x00000000fdbe8ea0,0x00000000ffa80000)
  to   space 62464K, 0% used [0x00000000f7d80000,0x00000000f7d80000,0x00000000fba80000)
 ParOldGen       total 156672K, used 134457K [0x0000000080000000, 0x0000000089900000, 0x00000000d5580000)
  object space 156672K, 85% used [0x0000000080000000,0x000000008834e400,0x0000000089900000)
 Metaspace       used 89200K, capacity 94990K, committed 95128K, reserved 1132544K
  class space    used 11691K, capacity 12707K, committed 12720K, reserved 1048576K
}
Event: 721.607 GC heap before
{Heap before GC invocations=36 (full 3):
 PSYoungGen      total 630784K, used 599459K [0x00000000d5580000, 0x0000000100000000, 0x0000000100000000)
  eden space 565248K, 100% used [0x00000000d5580000,0x00000000f7d80000,0x00000000f7d80000)
  from space 65536K, 52% used [0x00000000fba80000,0x00000000fdbe8ea0,0x00000000ffa80000)
  to   space 62464K, 0% used [0x00000000f7d80000,0x00000000f7d80000,0x00000000fba80000)
 ParOldGen       total 156672K, used 134457K [0x0000000080000000, 0x0000000089900000, 0x00000000d5580000)
  object space 156672K, 85% used [0x0000000080000000,0x000000008834e400,0x0000000089900000)
 Metaspace       used 89317K, capacity 95122K, committed 95128K, reserved 1132544K
  class space    used 11698K, capacity 12717K, committed 12720K, reserved 1048576K
Event: 721.916 GC heap after
Heap after GC invocations=36 (full 3):
 PSYoungGen      total 627712K, used 62433K [0x00000000d5580000, 0x0000000100000000, 0x0000000100000000)
  eden space 565248K, 0% used [0x00000000d5580000,0x00000000d5580000,0x00000000f7d80000)
  from space 62464K, 99% used [0x00000000f7d80000,0x00000000fba78760,0x00000000fba80000)
  to   space 71168K, 0% used [0x00000000fba80000,0x00000000fba80000,0x0000000100000000)
 ParOldGen       total 185856K, used 185533K [0x0000000080000000, 0x000000008b580000, 0x00000000d5580000)
  object space 185856K, 99% used [0x0000000080000000,0x000000008b52f688,0x000000008b580000)
 Metaspace       used 89317K, capacity 95122K, committed 95128K, reserved 1132544K
  class space    used 11698K, capacity 12717K, committed 12720K, reserved 1048576K
}
Event: 721.916 GC heap before
{Heap before GC invocations=37 (full 4):
 PSYoungGen      total 627712K, used 62433K [0x00000000d5580000, 0x0000000100000000, 0x0000000100000000)
  eden space 565248K, 0% used [0x00000000d5580000,0x00000000d5580000,0x00000000f7d80000)
  from space 62464K, 99% used [0x00000000f7d80000,0x00000000fba78760,0x00000000fba80000)
  to   space 71168K, 0% used [0x00000000fba80000,0x00000000fba80000,0x0000000100000000)
 ParOldGen       total 185856K, used 185533K [0x0000000080000000, 0x000000008b580000, 0x00000000d5580000)
  object space 185856K, 99% used [0x0000000080000000,0x000000008b52f688,0x000000008b580000)
 Metaspace       used 89317K, capacity 95122K, committed 95128K, reserved 1132544K
  class space    used 11698K, capacity 12717K, committed 12720K, reserved 1048576K
Event: 723.542 GC heap after
Heap after GC invocations=37 (full 4):
 PSYoungGen      total 627712K, used 0K [0x00000000d5580000, 0x0000000100000000, 0x0000000100000000)
  eden space 565248K, 0% used [0x00000000d5580000,0x00000000d5580000,0x00000000f7d80000)
  from space 62464K, 0% used [0x00000000f7d80000,0x00000000f7d80000,0x00000000fba80000)
  to   space 71168K, 0% used [0x00000000fba80000,0x00000000fba80000,0x0000000100000000)
 ParOldGen       total 185856K, used 179348K [0x0000000080000000, 0x000000008b580000, 0x00000000d5580000)
  object space 185856K, 96% used [0x0000000080000000,0x000000008af251a0,0x000000008b580000)
 Metaspace       used 89010K, capacity 94346K, committed 95128K, reserved 1132544K
  class space    used 11590K, capacity 12527K, committed 12720K, reserved 1048576K
}
Event: 728.034 GC heap before
{Heap before GC invocations=38 (full 5):
 PSYoungGen      total 627712K, used 565248K [0x00000000d5580000, 0x0000000100000000, 0x0000000100000000)
  eden space 565248K, 100% used [0x00000000d5580000,0x00000000f7d80000,0x00000000f7d80000)
  from space 62464K, 0% used [0x00000000f7d80000,0x00000000f7d80000,0x00000000fba80000)
  to   space 71168K, 0% used [0x00000000fba80000,0x00000000fba80000,0x0000000100000000)
 ParOldGen       total 185856K, used 179348K [0x0000000080000000, 0x000000008b580000, 0x00000000d5580000)
  object space 185856K, 96% used [0x0000000080000000,0x000000008af251a0,0x000000008b580000)
 Metaspace       used 89069K, capacity 94352K, committed 95128K, reserved 1132544K
  class space    used 11599K, capacity 12528K, committed 12720K, reserved 1048576K
Event: 731.254 GC heap after
Heap after GC invocations=38 (full 5):
 PSYoungGen      total 627712K, used 41201K [0x00000000d5580000, 0x0000000100000000, 0x0000000100000000)
  eden space 565248K, 7% used [0x00000000d5580000,0x00000000d7dbc580,0x00000000f7d80000)
  from space 62464K, 0% used [0x00000000f7d80000,0x00000000f7d80000,0x00000000fba80000)
  to   space 71168K, 0% used [0x00000000fba80000,0x00000000fba80000,0x0000000100000000)
 ParOldGen       total 390656K, used 185807K [0x0000000080000000, 0x0000000097d80000, 0x00000000d5580000)
  object space 390656K, 47% used [0x0000000080000000,0x000000008b573c38,0x0000000097d80000)
 Metaspace       used 89069K, capacity 94352K, committed 95128K, reserved 1132544K
  class space    used 11599K, capacity 12528K, committed 12720K, reserved 1048576K
}

