# JRE version: OpenJDK Runtime Environment (8.0_242-b01) (build 1.8.0_242-release-1644-b01)
# Java VM: OpenJDK 64-Bit Server VM (25.242-b01 mixed mode windows-amd64 compressed oops)
Heap:
 PSYoungGen      total 323584K, used 221397K [0x00000000d5580000, 0x00000000f3380000, 0x0000000100000000)
  eden space 279552K, 63% used [0x00000000d5580000,0x00000000e02b5a88,0x00000000e6680000)
  from space 44032K, 99% used [0x00000000e6680000,0x00000000e917fa18,0x00000000e9180000)
  to   space 65536K, 0% used [0x00000000ef380000,0x00000000ef380000,0x00000000f3380000)
 ParOldGen       total 168448K, used 123120K [0x0000000080000000, 0x000000008a480000, 0x00000000d5580000)
  object space 168448K, 73% used [0x0000000080000000,0x000000008783c268,0x000000008a480000)
 Metaspace       used 81714K, capacity 86096K, committed 86424K, reserved 1124352K
  class space    used 11257K, capacity 12119K, committed 12208K, reserved 1048576K
GC Heap History (10 events):
Event: 20.761 GC heap before
{Heap before GC invocations=14 (full 3):
 PSYoungGen      total 215040K, used 14019K [0x00000000d5580000, 0x00000000e7a80000, 0x0000000100000000)
  eden space 195072K, 0% used [0x00000000d5580000,0x00000000d5580000,0x00000000e1400000)
  from space 19968K, 70% used [0x00000000e1400000,0x00000000e21b0dd8,0x00000000e2780000)
  to   space 20480K, 0% used [0x00000000e6680000,0x00000000e6680000,0x00000000e7a80000)
 ParOldGen       total 103936K, used 32377K [0x0000000080000000, 0x0000000086580000, 0x00000000d5580000)
  object space 103936K, 31% used [0x0000000080000000,0x0000000081f9e470,0x0000000086580000)
 Metaspace       used 56604K, capacity 58964K, committed 59160K, reserved 1099776K
  class space    used 7741K, capacity 8224K, committed 8240K, reserved 1048576K
Event: 21.385 GC heap after
Heap after GC invocations=14 (full 3):
 PSYoungGen      total 215040K, used 0K [0x00000000d5580000, 0x00000000e7a80000, 0x0000000100000000)
  eden space 195072K, 0% used [0x00000000d5580000,0x00000000d5580000,0x00000000e1400000)
  from space 19968K, 0% used [0x00000000e1400000,0x00000000e1400000,0x00000000e2780000)
  to   space 20480K, 0% used [0x00000000e6680000,0x00000000e6680000,0x00000000e7a80000)
 ParOldGen       total 168448K, used 43915K [0x0000000080000000, 0x000000008a480000, 0x00000000d5580000)
  object space 168448K, 26% used [0x0000000080000000,0x0000000082ae2d98,0x000000008a480000)
 Metaspace       used 56592K, capacity 58922K, committed 59160K, reserved 1099776K
  class space    used 7737K, capacity 8217K, committed 8240K, reserved 1048576K
}
Event: 27.230 GC heap before
{Heap before GC invocations=15 (full 3):
 PSYoungGen      total 215040K, used 195072K [0x00000000d5580000, 0x00000000e7a80000, 0x0000000100000000)
  eden space 195072K, 100% used [0x00000000d5580000,0x00000000e1400000,0x00000000e1400000)
  from space 19968K, 0% used [0x00000000e1400000,0x00000000e1400000,0x00000000e2780000)
  to   space 20480K, 0% used [0x00000000e6680000,0x00000000e6680000,0x00000000e7a80000)
 ParOldGen       total 168448K, used 43915K [0x0000000080000000, 0x000000008a480000, 0x00000000d5580000)
  object space 168448K, 26% used [0x0000000080000000,0x0000000082ae2d98,0x000000008a480000)
 Metaspace       used 64375K, capacity 67346K, committed 67608K, reserved 1107968K
  class space    used 8857K, capacity 9445K, committed 9520K, reserved 1048576K
Event: 27.284 GC heap after
Heap after GC invocations=15 (full 3):
 PSYoungGen      total 259072K, used 17475K [0x00000000d5580000, 0x00000000e7800000, 0x0000000100000000)
  eden space 241152K, 0% used [0x00000000d5580000,0x00000000d5580000,0x00000000e4100000)
  from space 17920K, 97% used [0x00000000e6680000,0x00000000e7790d28,0x00000000e7800000)
  to   space 22016K, 0% used [0x00000000e4d00000,0x00000000e4d00000,0x00000000e6280000)
 ParOldGen       total 168448K, used 43923K [0x0000000080000000, 0x000000008a480000, 0x00000000d5580000)
  object space 168448K, 26% used [0x0000000080000000,0x0000000082ae4d98,0x000000008a480000)
 Metaspace       used 64375K, capacity 67346K, committed 67608K, reserved 1107968K
  class space    used 8857K, capacity 9445K, committed 9520K, reserved 1048576K
}
Event: 32.571 GC heap before
{Heap before GC invocations=16 (full 3):
 PSYoungGen      total 259072K, used 258608K [0x00000000d5580000, 0x00000000e7800000, 0x0000000100000000)
  eden space 241152K, 99% used [0x00000000d5580000,0x00000000e40fb3f8,0x00000000e4100000)
  from space 17920K, 97% used [0x00000000e6680000,0x00000000e7790d28,0x00000000e7800000)
  to   space 22016K, 0% used [0x00000000e4d00000,0x00000000e4d00000,0x00000000e6280000)
 ParOldGen       total 168448K, used 43923K [0x0000000080000000, 0x000000008a480000, 0x00000000d5580000)
  object space 168448K, 26% used [0x0000000080000000,0x0000000082ae4d98,0x000000008a480000)
 Metaspace       used 71406K, capacity 74810K, committed 75032K, reserved 1114112K
  class space    used 9731K, capacity 10432K, committed 10544K, reserved 1048576K
Event: 32.665 GC heap after
Heap after GC invocations=16 (full 3):
 PSYoungGen      total 275456K, used 21987K [0x00000000d5580000, 0x00000000ead80000, 0x0000000100000000)
  eden space 253440K, 0% used [0x00000000d5580000,0x00000000d5580000,0x00000000e4d00000)
  from space 22016K, 99% used [0x00000000e4d00000,0x00000000e6278c60,0x00000000e6280000)
  to   space 28672K, 0% used [0x00000000e9180000,0x00000000e9180000,0x00000000ead80000)
 ParOldGen       total 168448K, used 54296K [0x0000000080000000, 0x000000008a480000, 0x00000000d5580000)
  object space 168448K, 32% used [0x0000000080000000,0x00000000835062a0,0x000000008a480000)
 Metaspace       used 71406K, capacity 74810K, committed 75032K, reserved 1114112K
  class space    used 9731K, capacity 10432K, committed 10544K, reserved 1048576K
}
Event: 35.635 GC heap before
{Heap before GC invocations=17 (full 3):
 PSYoungGen      total 275456K, used 275427K [0x00000000d5580000, 0x00000000ead80000, 0x0000000100000000)
  eden space 253440K, 100% used [0x00000000d5580000,0x00000000e4d00000,0x00000000e4d00000)
  from space 22016K, 99% used [0x00000000e4d00000,0x00000000e6278c60,0x00000000e6280000)
  to   space 28672K, 0% used [0x00000000e9180000,0x00000000e9180000,0x00000000ead80000)
 ParOldGen       total 168448K, used 54296K [0x0000000080000000, 0x000000008a480000, 0x00000000d5580000)
  object space 168448K, 32% used [0x0000000080000000,0x00000000835062a0,0x000000008a480000)
 Metaspace       used 76227K, capacity 80044K, committed 80152K, reserved 1118208K
  class space    used 10466K, capacity 11235K, committed 11312K, reserved 1048576K
Event: 35.765 GC heap after
Heap after GC invocations=17 (full 3):
 PSYoungGen      total 308224K, used 28646K [0x00000000d5580000, 0x00000000ee000000, 0x0000000100000000)
  eden space 279552K, 0% used [0x00000000d5580000,0x00000000d5580000,0x00000000e6680000)
  from space 28672K, 99% used [0x00000000e9180000,0x00000000ead79a10,0x00000000ead80000)
  to   space 44032K, 0% used [0x00000000e6680000,0x00000000e6680000,0x00000000e9180000)
 ParOldGen       total 168448K, used 83556K [0x0000000080000000, 0x000000008a480000, 0x00000000d5580000)
  object space 168448K, 49% used [0x0000000080000000,0x00000000851992a8,0x000000008a480000)
 Metaspace       used 76227K, capacity 80044K, committed 80152K, reserved 1118208K
  class space    used 10466K, capacity 11235K, committed 11312K, reserved 1048576K
}
Event: 40.977 GC heap before
{Heap before GC invocations=18 (full 3):
 PSYoungGen      total 308224K, used 308198K [0x00000000d5580000, 0x00000000ee000000, 0x0000000100000000)
  eden space 279552K, 100% used [0x00000000d5580000,0x00000000e6680000,0x00000000e6680000)
  from space 28672K, 99% used [0x00000000e9180000,0x00000000ead79a10,0x00000000ead80000)
  to   space 44032K, 0% used [0x00000000e6680000,0x00000000e6680000,0x00000000e9180000)
 ParOldGen       total 168448K, used 83556K [0x0000000080000000, 0x000000008a480000, 0x00000000d5580000)
  object space 168448K, 49% used [0x0000000080000000,0x00000000851992a8,0x000000008a480000)
 Metaspace       used 80916K, capacity 85250K, committed 85272K, reserved 1122304K
  class space    used 11209K, capacity 12070K, committed 12080K, reserved 1048576K
Event: 41.302 GC heap after
Heap after GC invocations=18 (full 3):
 PSYoungGen      total 323584K, used 44030K [0x00000000d5580000, 0x00000000f3380000, 0x0000000100000000)
  eden space 279552K, 0% used [0x00000000d5580000,0x00000000d5580000,0x00000000e6680000)
  from space 44032K, 99% used [0x00000000e6680000,0x00000000e917fa18,0x00000000e9180000)
  to   space 65536K, 0% used [0x00000000ef380000,0x00000000ef380000,0x00000000f3380000)
 ParOldGen       total 168448K, used 123120K [0x0000000080000000, 0x000000008a480000, 0x00000000d5580000)
  object space 168448K, 73% used [0x0000000080000000,0x000000008783c268,0x000000008a480000)
 Metaspace       used 80916K, capacity 85250K, committed 85272K, reserved 1122304K
  class space    used 11209K, capacity 12070K, committed 12080K, reserved 1048576K
}

